<?xml version="1.0" encoding="UTF-8"?>
<testng-results ignored="0" total="1" passed="1" failed="0" skipped="0">
  <reporter-output>
  </reporter-output>
  <suite started-at="2023-10-18T18:44:56 IST" name="Default suite" finished-at="2023-10-18T18:47:51 IST" duration-ms="174819">
    <groups>
    </groups>
    <test started-at="2023-10-18T18:44:56 IST" name="Default test" finished-at="2023-10-18T18:47:51 IST" duration-ms="174819">
      <class name="com.amazon.TC_AddtoCart_004">
        <test-method is-config="true" signature="setup()[pri:0, instance:com.amazon.TC_AddtoCart_004@2d901eb0]" started-at="2023-10-18T18:44:56 IST" name="setup" finished-at="2023-10-18T18:45:00 IST" duration-ms="3412" status="PASS">
          <reporter-output>
          </reporter-output>
        </test-method> <!-- setup -->
        <test-method signature="buynow()[pri:0, instance:com.amazon.TC_AddtoCart_004@2d901eb0]" started-at="2023-10-18T18:45:00 IST" name="buynow" finished-at="2023-10-18T18:47:51 IST" duration-ms="170966" status="PASS">
          <reporter-output>
          </reporter-output>
        </test-method> <!-- buynow -->
        <test-method is-config="true" signature="teardown()[pri:0, instance:com.amazon.TC_AddtoCart_004@2d901eb0]" started-at="2023-10-18T18:47:51 IST" name="teardown" finished-at="2023-10-18T18:47:51 IST" duration-ms="386" status="PASS">
          <reporter-output>
          </reporter-output>
        </test-method> <!-- teardown -->
      </class> <!-- com.amazon.TC_AddtoCart_004 -->
    </test> <!-- Default test -->
  </suite> <!-- Default suite -->
</testng-results>
